Using pre-set license
Built from '2022.3/release' branch; Version is '2022.3.20f1 (61c2feb0970d) revision 6406910'; Using compiler version '192829333'; Build Type 'Release'
OS: 'Windows 11  (10.0.22631) 64bit CoreSingleLanguage' Language: 'en' Physical Memory: 16163 MB
BatchMode: 1, IsHumanControllingUs: 0, StartBugReporterOnCrash: 0, Is64bit: 1, IsPro: 1

COMMAND LINE ARGUMENTS:
E:\UnityEditor\2022.3.20f1\Editor\Unity.exe
-adb2
-batchMode
-noUpm
-name
AssetImportWorker0
-projectPath
F:/Unity_Project/Editor/PC/Online/Online Puzzle
-logFile
Logs/AssetImportWorker0.log
-srvPort
53225
Successfully changed project path to: F:/Unity_Project/Editor/PC/Online/Online Puzzle
F:/Unity_Project/Editor/PC/Online/Online Puzzle
[UnityMemory] Configuration Parameters - Can be set up in boot.config
    "memorysetup-bucket-allocator-granularity=16"
    "memorysetup-bucket-allocator-bucket-count=8"
    "memorysetup-bucket-allocator-block-size=33554432"
    "memorysetup-bucket-allocator-block-count=8"
    "memorysetup-main-allocator-block-size=16777216"
    "memorysetup-thread-allocator-block-size=16777216"
    "memorysetup-gfx-main-allocator-block-size=16777216"
    "memorysetup-gfx-thread-allocator-block-size=16777216"
    "memorysetup-cache-allocator-block-size=4194304"
    "memorysetup-typetree-allocator-block-size=2097152"
    "memorysetup-profiler-bucket-allocator-granularity=16"
    "memorysetup-profiler-bucket-allocator-bucket-count=8"
    "memorysetup-profiler-bucket-allocator-block-size=33554432"
    "memorysetup-profiler-bucket-allocator-block-count=8"
    "memorysetup-profiler-allocator-block-size=16777216"
    "memorysetup-profiler-editor-allocator-block-size=1048576"
    "memorysetup-temp-allocator-size-main=16777216"
    "memorysetup-job-temp-allocator-block-size=2097152"
    "memorysetup-job-temp-allocator-block-size-background=1048576"
    "memorysetup-job-temp-allocator-reduction-small-platforms=262144"
    "memorysetup-allocator-temp-initial-block-size-main=262144"
    "memorysetup-allocator-temp-initial-block-size-worker=262144"
    "memorysetup-temp-allocator-size-background-worker=32768"
    "memorysetup-temp-allocator-size-job-worker=262144"
    "memorysetup-temp-allocator-size-preload-manager=33554432"
    "memorysetup-temp-allocator-size-nav-mesh-worker=65536"
    "memorysetup-temp-allocator-size-audio-worker=65536"
    "memorysetup-temp-allocator-size-cloud-worker=32768"
    "memorysetup-temp-allocator-size-gi-baking-worker=262144"
    "memorysetup-temp-allocator-size-gfx=262144"
Player connection [13676] Host "[IP] 192.168.0.100 [Port] 0 [Flags] 2 [Guid] 4288797167 [EditorId] 4288797167 [Version] 1048832 [Id] WindowsEditor(7,MQuang) [Debug] 1 [PackageName] WindowsEditor [ProjectName] Editor" joined multi-casting on [225.0.0.222:54997]...

Player connection [13676] Host "[IP] 192.168.0.100 [Port] 0 [Flags] 2 [Guid] 4288797167 [EditorId] 4288797167 [Version] 1048832 [Id] WindowsEditor(7,MQuang) [Debug] 1 [PackageName] WindowsEditor [ProjectName] Editor" joined alternative multi-casting on [225.0.0.222:34997]...

[Physics::Module] Initialized MultithreadedJobDispatcher with 11 workers.
Refreshing native plugins compatible for Editor in 9.23 ms, found 3 plugins.
Preloading 0 native plugins for Editor in 0.00 ms.
Initialize engine version: 2022.3.20f1 (61c2feb0970d)
[Subsystems] Discovering subsystems at path E:/UnityEditor/2022.3.20f1/Editor/Data/Resources/UnitySubsystems
[Subsystems] Discovering subsystems at path F:/Unity_Project/Editor/PC/Online/Online Puzzle/Assets
GfxDevice: creating device client; threaded=0; jobified=0
Direct3D:
    Version:  Direct3D 11.0 [level 11.1]
    Renderer: NVIDIA GeForce GTX 1650 (ID=0x1f9d)
    Vendor:   NVIDIA
    VRAM:     3962 MB
    Driver:   31.0.15.1748
Initialize mono
Mono path[0] = 'E:/UnityEditor/2022.3.20f1/Editor/Data/Managed'
Mono path[1] = 'E:/UnityEditor/2022.3.20f1/Editor/Data/MonoBleedingEdge/lib/mono/unityjit-win32'
Mono config path = 'E:/UnityEditor/2022.3.20f1/Editor/Data/MonoBleedingEdge/etc'
Using monoOptions --debugger-agent=transport=dt_socket,embedding=1,server=y,suspend=n,address=127.0.0.1:56024
Begin MonoManager ReloadAssembly
Registering precompiled unity dll's ...
Register platform support module: E:/UnityEditor/2022.3.20f1/Editor/Data/PlaybackEngines/WebGLSupport/UnityEditor.WebGL.Extensions.dll
Register platform support module: E:/UnityEditor/2022.3.20f1/Editor/Data/PlaybackEngines/AndroidPlayer/UnityEditor.Android.Extensions.dll
Register platform support module: E:/UnityEditor/2022.3.20f1/Editor/Data/PlaybackEngines/WindowsStandaloneSupport/UnityEditor.WindowsStandalone.Extensions.dll
Registered in 0.004686 seconds.
- Loaded All Assemblies, in  0.334 seconds
Native extension for WindowsStandalone target not found
Native extension for Android target not found
Android Extension - Scanning For ADB Devices 240 ms
Native extension for WebGL target not found
Mono: successfully reloaded assembly
- Finished resetting the current domain, in  0.554 seconds
Domain Reload Profiling: 889ms
	BeginReloadAssembly (93ms)
		ExecutionOrderSort (0ms)
		DisableScriptedObjects (0ms)
		BackupInstance (0ms)
		ReleaseScriptingObjects (0ms)
		CreateAndSetChildDomain (1ms)
	RebuildCommonClasses (31ms)
	RebuildNativeTypeToScriptingClass (10ms)
	initialDomainReloadingComplete (55ms)
	LoadAllAssembliesAndSetupDomain (145ms)
		LoadAssemblies (92ms)
		RebuildTransferFunctionScriptingTraits (0ms)
		AnalyzeDomain (143ms)
			TypeCache.Refresh (141ms)
				TypeCache.ScanAssembly (127ms)
			ScanForSourceGeneratedMonoScriptInfo (0ms)
			ResolveRequiredComponents (1ms)
	FinalizeReload (555ms)
		ReleaseScriptCaches (0ms)
		RebuildScriptCaches (0ms)
		SetupLoadedEditorAssemblies (497ms)
			LogAssemblyErrors (0ms)
			InitializePlatformSupportModulesInManaged (344ms)
			SetLoadedEditorAssemblies (3ms)
			RefreshPlugins (0ms)
			BeforeProcessingInitializeOnLoad (2ms)
			ProcessInitializeOnLoadAttributes (103ms)
			ProcessInitializeOnLoadMethodAttributes (44ms)
			AfterProcessingInitializeOnLoad (0ms)
			EditorAssembliesLoaded (0ms)
		ExecutionOrderSort2 (0ms)
		AwakeInstancesAfterBackupRestoration (0ms)
========================================================================
Worker process is ready to serve import requests
Begin MonoManager ReloadAssembly
Symbol file LoadedFromMemory is not a mono symbol file
- Loaded All Assemblies, in  0.786 seconds
Refreshing native plugins compatible for Editor in 3.09 ms, found 3 plugins.
Native extension for WindowsStandalone target not found
Native extension for Android target not found
Native extension for WebGL target not found
Package Manager log level set to [2]
[Package Manager] Server::EnsureServerProcessIsRunning -- launch failed, reason: Unity was launched with the -noUpm command-line argument
[Package Manager] UpmClient::Send -- Unable to send message (not connected to UPM process).
[Package Manager] Cannot connect to Unity Package Manager local server
Mono: successfully reloaded assembly
- Finished resetting the current domain, in  0.871 seconds
Domain Reload Profiling: 1657ms
	BeginReloadAssembly (162ms)
		ExecutionOrderSort (0ms)
		DisableScriptedObjects (7ms)
		BackupInstance (0ms)
		ReleaseScriptingObjects (0ms)
		CreateAndSetChildDomain (30ms)
	RebuildCommonClasses (43ms)
	RebuildNativeTypeToScriptingClass (15ms)
	initialDomainReloadingComplete (44ms)
	LoadAllAssembliesAndSetupDomain (522ms)
		LoadAssemblies (337ms)
		RebuildTransferFunctionScriptingTraits (0ms)
		AnalyzeDomain (276ms)
			TypeCache.Refresh (225ms)
				TypeCache.ScanAssembly (198ms)
			ScanForSourceGeneratedMonoScriptInfo (38ms)
			ResolveRequiredComponents (10ms)
	FinalizeReload (872ms)
		ReleaseScriptCaches (0ms)
		RebuildScriptCaches (0ms)
		SetupLoadedEditorAssemblies (646ms)
			LogAssemblyErrors (0ms)
			InitializePlatformSupportModulesInManaged (27ms)
			SetLoadedEditorAssemblies (4ms)
			RefreshPlugins (0ms)
			BeforeProcessingInitializeOnLoad (83ms)
			ProcessInitializeOnLoadAttributes (449ms)
			ProcessInitializeOnLoadMethodAttributes (82ms)
			AfterProcessingInitializeOnLoad (2ms)
			EditorAssembliesLoaded (0ms)
		ExecutionOrderSort2 (0ms)
		AwakeInstancesAfterBackupRestoration (7ms)
Launched and connected shader compiler UnityShaderCompiler.exe after 0.04 seconds
Refreshing native plugins compatible for Editor in 4.50 ms, found 3 plugins.
Preloading 0 native plugins for Editor in 0.00 ms.
Unloading 7124 Unused Serialized files (Serialized files now loaded: 0)
Unloading 117 unused Assets / (0.9 MB). Loaded Objects now: 7572.
Memory consumption went from 271.9 MB to 271.1 MB.
Total: 10.036400 ms (FindLiveObjects: 1.165400 ms CreateObjectMapping: 1.451600 ms MarkObjects: 5.928700 ms  DeleteObjects: 1.488300 ms)

AssetImportParameters requested are different than current active one (requested -> active):
  custom:container-demuxer-ogg: 62fdf1f143b41e24485cea50d1cbac27 -> 
  custom:framework-win-MediaFoundation: 216162199b28c13a410421893ffa2e32 -> 
  custom:container-muxer-webm: aa71ff27fc2769a1b78a27578f13a17b -> 
  custom:video-decoder-webm-vp8: 9c59270c3fd7afecdb556c50c9e8de78 -> 
  custom:SearchIndexIgnoredProperties: e643bd26f0fe6173181afceb89e7c659 -> 
  custom:AudioImporter_EditorPlatform: d09bf68614088b80899f8185d706f6e7 -> 
  custom:audio-decoder-ogg-vorbis: bf7c407c2cedff20999df2af8eb42d56 -> 
  custom:audio-encoder-webm-vorbis: bf7c407c2cedff20999df2af8eb42d56 -> 
  custom:video-codec-MediaFoundation-h265: 746d11721c4dcdbdad8f713fa42b33f4 -> 
  custom:video-decoder-ogg-theora: a1e56fd34408186e4bbccfd4996cb3dc -> 
  custom:CustomObjectIndexerAttribute: 62b5816608c3102f162a1797e29626cf -> 
  custom:container-demuxer-webm: 4f35f7cbe854078d1ac9338744f61a02 -> 
  custom:video-encoder-webm-vp8: eb34c28f22e8b96e1ab97ce403110664 -> 
========================================================================
Received Import Request.
  Time since last request: 6471.645624 seconds.
  path: Assets/Local/Map/Models/Characters/obj/character_barbarianArmLeft.obj
  artifactKey: Guid(0576d9a72e1022345a6ccddc4e6b111d) Importer(815301076,1909f56bfc062723c751e8b465ee728b)
Start importing Assets/Local/Map/Models/Characters/obj/character_barbarianArmLeft.obj using Guid(0576d9a72e1022345a6ccddc4e6b111d) Importer(815301076,1909f56bfc062723c751e8b465ee728b)  -> (artifact id: '15dd955bccd5a5ad529b5fe99c06de55') in 0.344935 seconds
Number of updated asset objects reloaded before import = 0
Number of asset objects unloaded after import = 15
========================================================================
Received Import Request.
  Time since last request: 0.000042 seconds.
  path: Assets/Local/Map/Models/Characters/obj/character_barbarianHead.obj
  artifactKey: Guid(93343c5a4551fd143a1df2deb35b2ae5) Importer(815301076,1909f56bfc062723c751e8b465ee728b)
Start importing Assets/Local/Map/Models/Characters/obj/character_barbarianHead.obj using Guid(93343c5a4551fd143a1df2deb35b2ae5) Importer(815301076,1909f56bfc062723c751e8b465ee728b)  -> (artifact id: '85c11f58fd0dd596b5d1bd46d2acbf9b') in 0.058258 seconds
Number of updated asset objects reloaded before import = 0
Number of asset objects unloaded after import = 13
========================================================================
Received Import Request.
  Time since last request: 0.000059 seconds.
  path: Assets/Local/Map/Models/Characters/obj/character_knightBody.obj
  artifactKey: Guid(7fb8dbd916149484da2d8be84f12d4a4) Importer(815301076,1909f56bfc062723c751e8b465ee728b)
Start importing Assets/Local/Map/Models/Characters/obj/character_knightBody.obj using Guid(7fb8dbd916149484da2d8be84f12d4a4) Importer(815301076,1909f56bfc062723c751e8b465ee728b)  -> (artifact id: '41d3a539827a9ff218f4f76b470e7c73') in 0.066779 seconds
Number of updated asset objects reloaded before import = 0
Number of asset objects unloaded after import = 16
========================================================================
Received Import Request.
  Time since last request: 0.000030 seconds.
  path: Assets/Local/Map/Models/Characters/obj/character_knightArmLeft.obj
  artifactKey: Guid(bd24d0000ad0a9a4ca6a300c824e3705) Importer(815301076,1909f56bfc062723c751e8b465ee728b)
Start importing Assets/Local/Map/Models/Characters/obj/character_knightArmLeft.obj using Guid(bd24d0000ad0a9a4ca6a300c824e3705) Importer(815301076,1909f56bfc062723c751e8b465ee728b)  -> (artifact id: '8041ee51a00916dac37a5683c450522b') in 0.046545 seconds
Number of updated asset objects reloaded before import = 0
Number of asset objects unloaded after import = 13
========================================================================
Received Import Request.
  Time since last request: 0.000029 seconds.
  path: Assets/Local/Map/Models/Characters/obj/character_mageHead.obj
  artifactKey: Guid(d2779b33f26e74a4ab2c99d78e716e9c) Importer(815301076,1909f56bfc062723c751e8b465ee728b)
Start importing Assets/Local/Map/Models/Characters/obj/character_mageHead.obj using Guid(d2779b33f26e74a4ab2c99d78e716e9c) Importer(815301076,1909f56bfc062723c751e8b465ee728b)  -> (artifact id: '947acc4a253582171557b8ccd6bbf3db') in 0.038965 seconds
Number of updated asset objects reloaded before import = 0
Number of asset objects unloaded after import = 12
========================================================================
Received Import Request.
  Time since last request: 0.000030 seconds.
  path: Assets/Local/Map/Models/Characters/obj/character_knightHelmet.obj
  artifactKey: Guid(4de4cbd075256004d95b26d5e41eb0d5) Importer(815301076,1909f56bfc062723c751e8b465ee728b)
Start importing Assets/Local/Map/Models/Characters/obj/character_knightHelmet.obj using Guid(4de4cbd075256004d95b26d5e41eb0d5) Importer(815301076,1909f56bfc062723c751e8b465ee728b)  -> (artifact id: '314c589328625a72cf63e69a1d0aa89a') in 0.038035 seconds
Number of updated asset objects reloaded before import = 0
Number of asset objects unloaded after import = 12
========================================================================
Received Import Request.
  Time since last request: 0.000024 seconds.
  path: Assets/Local/Map/Models/Characters/obj/character_rogueBody.obj
  artifactKey: Guid(2e2b7acb4f0db5541b264613787e7ebd) Importer(815301076,1909f56bfc062723c751e8b465ee728b)
Start importing Assets/Local/Map/Models/Characters/obj/character_rogueBody.obj using Guid(2e2b7acb4f0db5541b264613787e7ebd) Importer(815301076,1909f56bfc062723c751e8b465ee728b)  -> (artifact id: '3c27e111291a5dd613081a0cde537db2') in 0.053103 seconds
Number of updated asset objects reloaded before import = 0
Number of asset objects unloaded after import = 14
========================================================================
Received Import Request.
  Time since last request: 0.000048 seconds.
  path: Assets/Local/Map/Models/Characters/obj/character_barbarianHat.obj
  artifactKey: Guid(4391d4d358169f849aa2777ed4d10aff) Importer(815301076,1909f56bfc062723c751e8b465ee728b)
Start importing Assets/Local/Map/Models/Characters/obj/character_barbarianHat.obj using Guid(4391d4d358169f849aa2777ed4d10aff) Importer(815301076,1909f56bfc062723c751e8b465ee728b)  -> (artifact id: '40d2bf066f00ad88978dca9712aae845') in 0.047635 seconds
Number of updated asset objects reloaded before import = 0
Number of asset objects unloaded after import = 13
========================================================================
Received Import Request.
  Time since last request: 0.000035 seconds.
  path: Assets/Local/Map/Models/Characters/obj/character_knightArmRight.obj
  artifactKey: Guid(a7d1247f7f9c9b54ebbccceebff6053a) Importer(815301076,1909f56bfc062723c751e8b465ee728b)
Start importing Assets/Local/Map/Models/Characters/obj/character_knightArmRight.obj using Guid(a7d1247f7f9c9b54ebbccceebff6053a) Importer(815301076,1909f56bfc062723c751e8b465ee728b)  -> (artifact id: '8f606ecf43892a63647e22aad77076ff') in 0.047250 seconds
Number of updated asset objects reloaded before import = 0
Number of asset objects unloaded after import = 13
========================================================================
Received Import Request.
  Time since last request: 0.000031 seconds.
  path: Assets/Local/Map/Models/Characters/obj/character_mageArmRight.obj
  artifactKey: Guid(a36bb9dae0ff7d64392fb8dfc13ed281) Importer(815301076,1909f56bfc062723c751e8b465ee728b)
Start importing Assets/Local/Map/Models/Characters/obj/character_mageArmRight.obj using Guid(a36bb9dae0ff7d64392fb8dfc13ed281) Importer(815301076,1909f56bfc062723c751e8b465ee728b)  -> (artifact id: 'de39dcee46549ceece576cbd21966006') in 0.042796 seconds
Number of updated asset objects reloaded before import = 0
Number of asset objects unloaded after import = 13
========================================================================
Received Import Request.
  Time since last request: 0.000031 seconds.
  path: Assets/Local/Map/Models/Characters/obj/character_rogueArmRight.obj
  artifactKey: Guid(b72e11031e11f5b4bb5376b3bf5892aa) Importer(815301076,1909f56bfc062723c751e8b465ee728b)
Start importing Assets/Local/Map/Models/Characters/obj/character_rogueArmRight.obj using Guid(b72e11031e11f5b4bb5376b3bf5892aa) Importer(815301076,1909f56bfc062723c751e8b465ee728b)  -> (artifact id: 'eba040c42c505d5831ebcc7c4aff7bab') in 0.037496 seconds
Number of updated asset objects reloaded before import = 0
Number of asset objects unloaded after import = 12
========================================================================
Received Import Request.
  Time since last request: 1.977819 seconds.
  path: Assets/Local/Map/Models/Characters/fbx/character_knight.fbx
  artifactKey: Guid(d3ce492d826482b40997301234174a0e) Importer(815301076,1909f56bfc062723c751e8b465ee728b)
Start importing Assets/Local/Map/Models/Characters/fbx/character_knight.fbx using Guid(d3ce492d826482b40997301234174a0e) Importer(815301076,1909f56bfc062723c751e8b465ee728b)  -> (artifact id: 'c7e1439f4e3adbe553fb8e329390ed9b') in 0.121787 seconds
Number of updated asset objects reloaded before import = 0
Number of asset objects unloaded after import = 42
========================================================================
Received Import Request.
  Time since last request: 6.279030 seconds.
  path: Assets/Local/Map/Models/Characters/fbx/extra heads/barbarianHeadB.fbx
  artifactKey: Guid(91e28febbeb2b7447b278baa19b2c029) Importer(815301076,1909f56bfc062723c751e8b465ee728b)
Start importing Assets/Local/Map/Models/Characters/fbx/extra heads/barbarianHeadB.fbx using Guid(91e28febbeb2b7447b278baa19b2c029) Importer(815301076,1909f56bfc062723c751e8b465ee728b)  -> (artifact id: 'c968bd91297e02ed91e02443d816801e') in 0.050388 seconds
Number of updated asset objects reloaded before import = 0
Number of asset objects unloaded after import = 11
========================================================================
Received Import Request.
  Time since last request: 0.000031 seconds.
  path: Assets/Local/Map/Models/Characters/fbx/extra heads/rogueHeadC.fbx
  artifactKey: Guid(dbd95f09a14d76840ae84eff209c0757) Importer(815301076,1909f56bfc062723c751e8b465ee728b)
Start importing Assets/Local/Map/Models/Characters/fbx/extra heads/rogueHeadC.fbx using Guid(dbd95f09a14d76840ae84eff209c0757) Importer(815301076,1909f56bfc062723c751e8b465ee728b)  -> (artifact id: '72b8d7d93560416a0673e2ce4ef094d7') in 0.033952 seconds
Number of updated asset objects reloaded before import = 0
Number of asset objects unloaded after import = 10
========================================================================
Received Import Request.
  Time since last request: 0.000026 seconds.
  path: Assets/Local/Map/Models/Characters/fbx/extra heads/rogueHeadB.fbx
  artifactKey: Guid(b7c922abff55a304a9ef8af0cf07da65) Importer(815301076,1909f56bfc062723c751e8b465ee728b)
Start importing Assets/Local/Map/Models/Characters/fbx/extra heads/rogueHeadB.fbx using Guid(b7c922abff55a304a9ef8af0cf07da65) Importer(815301076,1909f56bfc062723c751e8b465ee728b)  -> (artifact id: '5b1a728e44dd3e1c3d0ac43c96a8fbfa') in 0.036011 seconds
Number of updated asset objects reloaded before import = 0
Number of asset objects unloaded after import = 10
========================================================================
Received Import Request.
  Time since last request: 0.000039 seconds.
  path: Assets/Local/Map/Models/Characters/fbx/extra heads/mageHairA.fbx
  artifactKey: Guid(460740ea0453a90428d42804769a201b) Importer(815301076,1909f56bfc062723c751e8b465ee728b)
Start importing Assets/Local/Map/Models/Characters/fbx/extra heads/mageHairA.fbx using Guid(460740ea0453a90428d42804769a201b) Importer(815301076,1909f56bfc062723c751e8b465ee728b)  -> (artifact id: '49ea1822ed774818e07f4c4ab238fb18') in 0.038267 seconds
Number of updated asset objects reloaded before import = 0
Number of asset objects unloaded after import = 10
========================================================================
Received Import Request.
  Time since last request: 0.000028 seconds.
  path: Assets/Local/Map/Models/Characters/fbx/extra heads/rogueHairC.fbx
  artifactKey: Guid(ed4c2f0afb1d13e4c979c3093112662f) Importer(815301076,1909f56bfc062723c751e8b465ee728b)
Start importing Assets/Local/Map/Models/Characters/fbx/extra heads/rogueHairC.fbx using Guid(ed4c2f0afb1d13e4c979c3093112662f) Importer(815301076,1909f56bfc062723c751e8b465ee728b)  -> (artifact id: '9bca9ce0c5916849787f3a64db010e09') in 0.026605 seconds
Number of updated asset objects reloaded before import = 0
Number of asset objects unloaded after import = 9
========================================================================
Received Import Request.
  Time since last request: 0.000035 seconds.
  path: Assets/Local/Map/Models/Characters/fbx/extra heads/rogueHairB.fbx
  artifactKey: Guid(0dbbfea5fd6d2cd48aa8d73d976c4bba) Importer(815301076,1909f56bfc062723c751e8b465ee728b)
Start importing Assets/Local/Map/Models/Characters/fbx/extra heads/rogueHairB.fbx using Guid(0dbbfea5fd6d2cd48aa8d73d976c4bba) Importer(815301076,1909f56bfc062723c751e8b465ee728b)  -> (artifact id: '5a32ccf6353e06fbbcf721ca78767ae0') in 0.028901 seconds
Number of updated asset objects reloaded before import = 0
Number of asset objects unloaded after import = 9
========================================================================
Received Import Request.
  Time since last request: 0.000030 seconds.
  path: Assets/Local/Map/Models/Characters/fbx/extra heads/rogueHeadA.fbx
  artifactKey: Guid(bb2d1992f4528f042bdd949b21fc4450) Importer(815301076,1909f56bfc062723c751e8b465ee728b)
Start importing Assets/Local/Map/Models/Characters/fbx/extra heads/rogueHeadA.fbx using Guid(bb2d1992f4528f042bdd949b21fc4450) Importer(815301076,1909f56bfc062723c751e8b465ee728b)  -> (artifact id: 'a7e966196c16a778ac2958c784290ecf') in 0.031637 seconds
Number of updated asset objects reloaded before import = 0
Number of asset objects unloaded after import = 10
========================================================================
Received Import Request.
  Time since last request: 1.408762 seconds.
  path: Assets/Local/Map/Models/Characters/dae/character_knight.dae
  artifactKey: Guid(e03d62e687998f040b91c11605e83e74) Importer(815301076,1909f56bfc062723c751e8b465ee728b)
Start importing Assets/Local/Map/Models/Characters/dae/character_knight.dae using Guid(e03d62e687998f040b91c11605e83e74) Importer(815301076,1909f56bfc062723c751e8b465ee728b)  -> (artifact id: '7aca0c42fbfd6bfa2de0196e3715a20a') in 0.103957 seconds
Number of updated asset objects reloaded before import = 0
Number of asset objects unloaded after import = 44
