Using pre-set license
Built from '2022.3/release' branch; Version is '2022.3.20f1 (61c2feb0970d) revision 6406910'; Using compiler version '192829333'; Build Type 'Release'
OS: 'Windows 11  (10.0.22631) 64bit CoreSingleLanguage' Language: 'en' Physical Memory: 16163 MB
BatchMode: 1, IsHumanControllingUs: 0, StartBugReporterOnCrash: 0, Is64bit: 1, IsPro: 1

COMMAND LINE ARGUMENTS:
E:\UnityEditor\2022.3.20f1\Editor\Unity.exe
-adb2
-batchMode
-noUpm
-name
AssetImportWorker2
-projectPath
F:/Unity_Project/Editor/PC/Online/Online Puzzle
-logFile
Logs/AssetImportWorker2.log
-srvPort
53225
Successfully changed project path to: F:/Unity_Project/Editor/PC/Online/Online Puzzle
F:/Unity_Project/Editor/PC/Online/Online Puzzle
[UnityMemory] Configuration Parameters - Can be set up in boot.config
    "memorysetup-bucket-allocator-granularity=16"
    "memorysetup-bucket-allocator-bucket-count=8"
    "memorysetup-bucket-allocator-block-size=33554432"
    "memorysetup-bucket-allocator-block-count=8"
    "memorysetup-main-allocator-block-size=16777216"
    "memorysetup-thread-allocator-block-size=16777216"
    "memorysetup-gfx-main-allocator-block-size=16777216"
    "memorysetup-gfx-thread-allocator-block-size=16777216"
    "memorysetup-cache-allocator-block-size=4194304"
    "memorysetup-typetree-allocator-block-size=2097152"
    "memorysetup-profiler-bucket-allocator-granularity=16"
    "memorysetup-profiler-bucket-allocator-bucket-count=8"
    "memorysetup-profiler-bucket-allocator-block-size=33554432"
    "memorysetup-profiler-bucket-allocator-block-count=8"
    "memorysetup-profiler-allocator-block-size=16777216"
    "memorysetup-profiler-editor-allocator-block-size=1048576"
    "memorysetup-temp-allocator-size-main=16777216"
    "memorysetup-job-temp-allocator-block-size=2097152"
    "memorysetup-job-temp-allocator-block-size-background=1048576"
    "memorysetup-job-temp-allocator-reduction-small-platforms=262144"
    "memorysetup-allocator-temp-initial-block-size-main=262144"
    "memorysetup-allocator-temp-initial-block-size-worker=262144"
    "memorysetup-temp-allocator-size-background-worker=32768"
    "memorysetup-temp-allocator-size-job-worker=262144"
    "memorysetup-temp-allocator-size-preload-manager=33554432"
    "memorysetup-temp-allocator-size-nav-mesh-worker=65536"
    "memorysetup-temp-allocator-size-audio-worker=65536"
    "memorysetup-temp-allocator-size-cloud-worker=32768"
    "memorysetup-temp-allocator-size-gi-baking-worker=262144"
    "memorysetup-temp-allocator-size-gfx=262144"
Player connection [7940] Host "[IP] 192.168.0.100 [Port] 0 [Flags] 2 [Guid] 3143300864 [EditorId] 3143300864 [Version] 1048832 [Id] WindowsEditor(7,MQuang) [Debug] 1 [PackageName] WindowsEditor [ProjectName] Editor" joined multi-casting on [225.0.0.222:54997]...

Player connection [7940] Host "[IP] 192.168.0.100 [Port] 0 [Flags] 2 [Guid] 3143300864 [EditorId] 3143300864 [Version] 1048832 [Id] WindowsEditor(7,MQuang) [Debug] 1 [PackageName] WindowsEditor [ProjectName] Editor" joined alternative multi-casting on [225.0.0.222:34997]...

[Physics::Module] Initialized MultithreadedJobDispatcher with 11 workers.
Refreshing native plugins compatible for Editor in 10.68 ms, found 3 plugins.
Preloading 0 native plugins for Editor in 0.00 ms.
Initialize engine version: 2022.3.20f1 (61c2feb0970d)
[Subsystems] Discovering subsystems at path E:/UnityEditor/2022.3.20f1/Editor/Data/Resources/UnitySubsystems
[Subsystems] Discovering subsystems at path F:/Unity_Project/Editor/PC/Online/Online Puzzle/Assets
GfxDevice: creating device client; threaded=0; jobified=0
Direct3D:
    Version:  Direct3D 11.0 [level 11.1]
    Renderer: NVIDIA GeForce GTX 1650 (ID=0x1f9d)
    Vendor:   NVIDIA
    VRAM:     3962 MB
    Driver:   31.0.15.1748
Initialize mono
Mono path[0] = 'E:/UnityEditor/2022.3.20f1/Editor/Data/Managed'
Mono path[1] = 'E:/UnityEditor/2022.3.20f1/Editor/Data/MonoBleedingEdge/lib/mono/unityjit-win32'
Mono config path = 'E:/UnityEditor/2022.3.20f1/Editor/Data/MonoBleedingEdge/etc'
Using monoOptions --debugger-agent=transport=dt_socket,embedding=1,server=y,suspend=n,address=127.0.0.1:56104
Begin MonoManager ReloadAssembly
Registering precompiled unity dll's ...
Register platform support module: E:/UnityEditor/2022.3.20f1/Editor/Data/PlaybackEngines/WebGLSupport/UnityEditor.WebGL.Extensions.dll
Register platform support module: E:/UnityEditor/2022.3.20f1/Editor/Data/PlaybackEngines/AndroidPlayer/UnityEditor.Android.Extensions.dll
Register platform support module: E:/UnityEditor/2022.3.20f1/Editor/Data/PlaybackEngines/WindowsStandaloneSupport/UnityEditor.WindowsStandalone.Extensions.dll
Registered in 0.003766 seconds.
- Loaded All Assemblies, in  0.374 seconds
Native extension for WindowsStandalone target not found
Native extension for Android target not found
Android Extension - Scanning For ADB Devices 229 ms
Native extension for WebGL target not found
Mono: successfully reloaded assembly
- Finished resetting the current domain, in  0.592 seconds
Domain Reload Profiling: 966ms
	BeginReloadAssembly (110ms)
		ExecutionOrderSort (0ms)
		DisableScriptedObjects (0ms)
		BackupInstance (0ms)
		ReleaseScriptingObjects (0ms)
		CreateAndSetChildDomain (1ms)
	RebuildCommonClasses (36ms)
	RebuildNativeTypeToScriptingClass (12ms)
	initialDomainReloadingComplete (53ms)
	LoadAllAssembliesAndSetupDomain (162ms)
		LoadAssemblies (111ms)
		RebuildTransferFunctionScriptingTraits (0ms)
		AnalyzeDomain (159ms)
			TypeCache.Refresh (157ms)
				TypeCache.ScanAssembly (143ms)
			ScanForSourceGeneratedMonoScriptInfo (0ms)
			ResolveRequiredComponents (1ms)
	FinalizeReload (592ms)
		ReleaseScriptCaches (0ms)
		RebuildScriptCaches (0ms)
		SetupLoadedEditorAssemblies (521ms)
			LogAssemblyErrors (0ms)
			InitializePlatformSupportModulesInManaged (349ms)
			SetLoadedEditorAssemblies (4ms)
			RefreshPlugins (0ms)
			BeforeProcessingInitializeOnLoad (2ms)
			ProcessInitializeOnLoadAttributes (118ms)
			ProcessInitializeOnLoadMethodAttributes (48ms)
			AfterProcessingInitializeOnLoad (0ms)
			EditorAssembliesLoaded (0ms)
		ExecutionOrderSort2 (0ms)
		AwakeInstancesAfterBackupRestoration (0ms)
========================================================================
Worker process is ready to serve import requests
Begin MonoManager ReloadAssembly
Symbol file LoadedFromMemory is not a mono symbol file
- Loaded All Assemblies, in  0.970 seconds
Refreshing native plugins compatible for Editor in 3.17 ms, found 3 plugins.
Native extension for WindowsStandalone target not found
Native extension for Android target not found
Native extension for WebGL target not found
Package Manager log level set to [2]
[Package Manager] Server::EnsureServerProcessIsRunning -- launch failed, reason: Unity was launched with the -noUpm command-line argument
[Package Manager] UpmClient::Send -- Unable to send message (not connected to UPM process).
[Package Manager] Cannot connect to Unity Package Manager local server
Mono: successfully reloaded assembly
- Finished resetting the current domain, in  0.915 seconds
Domain Reload Profiling: 1886ms
	BeginReloadAssembly (133ms)
		ExecutionOrderSort (0ms)
		DisableScriptedObjects (6ms)
		BackupInstance (0ms)
		ReleaseScriptingObjects (0ms)
		CreateAndSetChildDomain (29ms)
	RebuildCommonClasses (29ms)
	RebuildNativeTypeToScriptingClass (10ms)
	initialDomainReloadingComplete (40ms)
	LoadAllAssembliesAndSetupDomain (758ms)
		LoadAssemblies (379ms)
		RebuildTransferFunctionScriptingTraits (0ms)
		AnalyzeDomain (440ms)
			TypeCache.Refresh (362ms)
				TypeCache.ScanAssembly (323ms)
			ScanForSourceGeneratedMonoScriptInfo (62ms)
			ResolveRequiredComponents (15ms)
	FinalizeReload (916ms)
		ReleaseScriptCaches (0ms)
		RebuildScriptCaches (0ms)
		SetupLoadedEditorAssemblies (696ms)
			LogAssemblyErrors (0ms)
			InitializePlatformSupportModulesInManaged (21ms)
			SetLoadedEditorAssemblies (3ms)
			RefreshPlugins (0ms)
			BeforeProcessingInitializeOnLoad (75ms)
			ProcessInitializeOnLoadAttributes (476ms)
			ProcessInitializeOnLoadMethodAttributes (119ms)
			AfterProcessingInitializeOnLoad (2ms)
			EditorAssembliesLoaded (0ms)
		ExecutionOrderSort2 (0ms)
		AwakeInstancesAfterBackupRestoration (8ms)
Launched and connected shader compiler UnityShaderCompiler.exe after 0.03 seconds
Refreshing native plugins compatible for Editor in 2.89 ms, found 3 plugins.
Preloading 0 native plugins for Editor in 0.00 ms.
Unloading 7124 Unused Serialized files (Serialized files now loaded: 0)
Unloading 117 unused Assets / (0.9 MB). Loaded Objects now: 7572.
Memory consumption went from 272.2 MB to 271.3 MB.
Total: 4.693300 ms (FindLiveObjects: 0.538200 ms CreateObjectMapping: 0.303100 ms MarkObjects: 3.293800 ms  DeleteObjects: 0.557000 ms)

AssetImportParameters requested are different than current active one (requested -> active):
  custom:container-demuxer-ogg: 62fdf1f143b41e24485cea50d1cbac27 -> 
  custom:framework-win-MediaFoundation: 216162199b28c13a410421893ffa2e32 -> 
  custom:container-muxer-webm: aa71ff27fc2769a1b78a27578f13a17b -> 
  custom:video-decoder-webm-vp8: 9c59270c3fd7afecdb556c50c9e8de78 -> 
  custom:SearchIndexIgnoredProperties: e643bd26f0fe6173181afceb89e7c659 -> 
  custom:AudioImporter_EditorPlatform: d09bf68614088b80899f8185d706f6e7 -> 
  custom:audio-decoder-ogg-vorbis: bf7c407c2cedff20999df2af8eb42d56 -> 
  custom:audio-encoder-webm-vorbis: bf7c407c2cedff20999df2af8eb42d56 -> 
  custom:video-codec-MediaFoundation-h265: 746d11721c4dcdbdad8f713fa42b33f4 -> 
  custom:video-decoder-ogg-theora: a1e56fd34408186e4bbccfd4996cb3dc -> 
  custom:CustomObjectIndexerAttribute: 62b5816608c3102f162a1797e29626cf -> 
  custom:container-demuxer-webm: 4f35f7cbe854078d1ac9338744f61a02 -> 
  custom:video-encoder-webm-vp8: eb34c28f22e8b96e1ab97ce403110664 -> 
========================================================================
Received Import Request.
  Time since last request: 6474.557524 seconds.
  path: Assets/Local/Map/Models/Characters/fbx/character_barbarian.fbx
  artifactKey: Guid(5e43fe384d3192f45b2bdb044c48bf16) Importer(815301076,1909f56bfc062723c751e8b465ee728b)
Start importing Assets/Local/Map/Models/Characters/fbx/character_barbarian.fbx using Guid(5e43fe384d3192f45b2bdb044c48bf16) Importer(815301076,1909f56bfc062723c751e8b465ee728b)  -> (artifact id: 'ac3cac5f4d0e2992118792af53b30b6b') in 0.430002 seconds
Number of updated asset objects reloaded before import = 0
Number of asset objects unloaded after import = 36
========================================================================
Received Import Request.
  Time since last request: 5.920983 seconds.
  path: Assets/Local/Map/Models/Characters/fbx/extra heads
  artifactKey: Guid(ebcd492cb0dbe7242a3da202af86cd50) Importer(815301076,1909f56bfc062723c751e8b465ee728b)
Start importing Assets/Local/Map/Models/Characters/fbx/extra heads using Guid(ebcd492cb0dbe7242a3da202af86cd50) Importer(815301076,1909f56bfc062723c751e8b465ee728b)  -> (artifact id: 'e366008c13517809135a6d36ae7529c2') in 0.000749 seconds
Number of updated asset objects reloaded before import = 0
Number of asset objects unloaded after import = 0
========================================================================
Received Import Request.
  Time since last request: 0.037396 seconds.
  path: Assets/Local/Map/Models/Characters/fbx/extra heads/barbarianHeadA.fbx
  artifactKey: Guid(0c1525d4614d14947b54f4b5fbe3fd37) Importer(815301076,1909f56bfc062723c751e8b465ee728b)
Start importing Assets/Local/Map/Models/Characters/fbx/extra heads/barbarianHeadA.fbx using Guid(0c1525d4614d14947b54f4b5fbe3fd37) Importer(815301076,1909f56bfc062723c751e8b465ee728b)  -> (artifact id: '57f9b500e84110fee18600720e78a9e5') in 0.036543 seconds
Number of updated asset objects reloaded before import = 0
Number of asset objects unloaded after import = 11
========================================================================
Received Import Request.
  Time since last request: 0.000028 seconds.
  path: Assets/Local/Map/Models/Characters/fbx/extra heads/mageHairB.fbx
  artifactKey: Guid(80119cdca3be3bf4883175597a58e226) Importer(815301076,1909f56bfc062723c751e8b465ee728b)
Start importing Assets/Local/Map/Models/Characters/fbx/extra heads/mageHairB.fbx using Guid(80119cdca3be3bf4883175597a58e226) Importer(815301076,1909f56bfc062723c751e8b465ee728b)  -> (artifact id: '90457317b4f1a5a09aa0303e10e26120') in 0.034757 seconds
Number of updated asset objects reloaded before import = 0
Number of asset objects unloaded after import = 10
========================================================================
Received Import Request.
  Time since last request: 0.000026 seconds.
  path: Assets/Local/Map/Models/Characters/fbx/extra heads/rogueHairA.fbx
  artifactKey: Guid(9f01baa7856f37e4abdb6778e4dffa12) Importer(815301076,1909f56bfc062723c751e8b465ee728b)
Start importing Assets/Local/Map/Models/Characters/fbx/extra heads/rogueHairA.fbx using Guid(9f01baa7856f37e4abdb6778e4dffa12) Importer(815301076,1909f56bfc062723c751e8b465ee728b)  -> (artifact id: '8223916585ae08cd3dfa4092d51a023b') in 0.030270 seconds
Number of updated asset objects reloaded before import = 0
Number of asset objects unloaded after import = 9
========================================================================
Received Import Request.
  Time since last request: 0.000026 seconds.
  path: Assets/Local/Map/Models/Characters/fbx/extra heads/knightHeadB.fbx
  artifactKey: Guid(db50ca1afc600bd4cb2641263131d0ec) Importer(815301076,1909f56bfc062723c751e8b465ee728b)
Start importing Assets/Local/Map/Models/Characters/fbx/extra heads/knightHeadB.fbx using Guid(db50ca1afc600bd4cb2641263131d0ec) Importer(815301076,1909f56bfc062723c751e8b465ee728b)  -> (artifact id: '9d6abdf5b9877a99e44089dc64fb8255') in 0.045636 seconds
Number of updated asset objects reloaded before import = 0
Number of asset objects unloaded after import = 11
========================================================================
Received Import Request.
  Time since last request: 0.000026 seconds.
  path: Assets/Local/Map/Models/Characters/fbx/extra heads/knightHeadA.fbx
  artifactKey: Guid(4119f313e1598f3418fd0976a07140b5) Importer(815301076,1909f56bfc062723c751e8b465ee728b)
Start importing Assets/Local/Map/Models/Characters/fbx/extra heads/knightHeadA.fbx using Guid(4119f313e1598f3418fd0976a07140b5) Importer(815301076,1909f56bfc062723c751e8b465ee728b)  -> (artifact id: '1e2d079fb7a5adde2a085cfa1ba93479') in 0.035228 seconds
Number of updated asset objects reloaded before import = 0
Number of asset objects unloaded after import = 10
========================================================================
Received Import Request.
  Time since last request: 0.000054 seconds.
  path: Assets/Local/Map/Models/Characters/fbx/extra heads/mageHeadC.fbx
  artifactKey: Guid(2b9f53bb16e63f74c9a3904de2e1e9c4) Importer(815301076,1909f56bfc062723c751e8b465ee728b)
Start importing Assets/Local/Map/Models/Characters/fbx/extra heads/mageHeadC.fbx using Guid(2b9f53bb16e63f74c9a3904de2e1e9c4) Importer(815301076,1909f56bfc062723c751e8b465ee728b)  -> (artifact id: '73e8909d201d8b0437c7f86eff1adb07') in 0.037109 seconds
Number of updated asset objects reloaded before import = 0
Number of asset objects unloaded after import = 10
========================================================================
Received Import Request.
  Time since last request: 1.447551 seconds.
  path: Assets/Local/Map/Models/Characters/dae/character_barbarian.dae
  artifactKey: Guid(9f4c4713fedb18042a2bdce9673f8302) Importer(815301076,1909f56bfc062723c751e8b465ee728b)
Start importing Assets/Local/Map/Models/Characters/dae/character_barbarian.dae using Guid(9f4c4713fedb18042a2bdce9673f8302) Importer(815301076,1909f56bfc062723c751e8b465ee728b)  -> (artifact id: '81e3380780d68080626ecc9ace9d6163') in 0.098330 seconds
Number of updated asset objects reloaded before import = 0
Number of asset objects unloaded after import = 38
========================================================================
Received Import Request.
  Time since last request: 0.000036 seconds.
  path: Assets/Local/Map/Models/Characters/dae/character_rogue.dae
  artifactKey: Guid(41a72326725a3344f802cdc93fe84f3c) Importer(815301076,1909f56bfc062723c751e8b465ee728b)
Start importing Assets/Local/Map/Models/Characters/dae/character_rogue.dae using Guid(41a72326725a3344f802cdc93fe84f3c) Importer(815301076,1909f56bfc062723c751e8b465ee728b)  -> (artifact id: '89a53f674a94f079a9547a1818a6ae65') in 0.080757 seconds
Number of updated asset objects reloaded before import = 0
Number of asset objects unloaded after import = 36
